2023-01-11 16:24:09 [ERR] [post.go:69] [Blog/controllers.PostNewPost] parse time in new post error: parsing time "2023-1" as "2006-01": cannot parse "1" as "01"
2023-01-11 16:26:36 [ERR] [post.go:69] [Blog/controllers.PostNewPost] parse time in new post error: parsing time "2023-1" as "2006-01": cannot parse "1" as "01"
2023-01-11 19:28:43 [ERR] [user.go:256] [Blog/controllers.exchangeTokenByCode] do request error: Post "https://github.com/login/oauth/access_token?client_id=ed95d45cac5de6c2bdc3&client_secret=b726d6228f884fa64fcb83959c2b4e1a6cf0a0a9&code=55025d68cd8519b0d0d6": unexpected EOF
2023-01-11 19:28:43 [ERR] [user.go:164] [Blog/controllers.Oauth2Callback] exchangeTokenByCode error: Post "https://github.com/login/oauth/access_token?client_id=ed95d45cac5de6c2bdc3&client_secret=b726d6228f884fa64fcb83959c2b4e1a6cf0a0a9&code=55025d68cd8519b0d0d6": unexpected EOF
2023-01-11 19:31:04 [ERR] [user.go:256] [Blog/controllers.exchangeTokenByCode] do request error: Post "https://github.com/login/oauth/access_token?client_id=ed95d45cac5de6c2bdc3&client_secret=b726d6228f884fa64fcb83959c2b4e1a6cf0a0a9&code=1d295f1da4701273d7ad": unexpected EOF
2023-01-11 19:31:04 [ERR] [user.go:164] [Blog/controllers.Oauth2Callback] exchangeTokenByCode error: Post "https://github.com/login/oauth/access_token?client_id=ed95d45cac5de6c2bdc3&client_secret=b726d6228f884fa64fcb83959c2b4e1a6cf0a0a9&code=1d295f1da4701273d7ad": unexpected EOF
2023-01-12 11:51:50 [ERR] [user.go:259] [Blog/controllers.exchangeTokenByCode] do request error: Post "https://github.com/login/oauth/access_token?client_id=ed95d45cac5de6c2bdc3&client_secret=b726d6228f884fa64fcb83959c2b4e1a6cf0a0a9&code=5e46fe3eb99b1590d467": unexpected EOF
2023-01-12 11:51:50 [ERR] [user.go:165] [Blog/controllers.Oauth2Callback] exchangeTokenByCode error: Post "https://github.com/login/oauth/access_token?client_id=ed95d45cac5de6c2bdc3&client_secret=b726d6228f884fa64fcb83959c2b4e1a6cf0a0a9&code=5e46fe3eb99b1590d467": unexpected EOF
2023-01-12 11:52:23 [ERR] [user.go:259] [Blog/controllers.exchangeTokenByCode] do request error: Post "https://github.com/login/oauth/access_token?client_id=ed95d45cac5de6c2bdc3&client_secret=b726d6228f884fa64fcb83959c2b4e1a6cf0a0a9&code=d3fd1abd719cd14f8e11": dial tcp 20.205.243.166:443: i/o timeout
2023-01-12 11:52:23 [ERR] [user.go:165] [Blog/controllers.Oauth2Callback] exchangeTokenByCode error: Post "https://github.com/login/oauth/access_token?client_id=ed95d45cac5de6c2bdc3&client_secret=b726d6228f884fa64fcb83959c2b4e1a6cf0a0a9&code=d3fd1abd719cd14f8e11": dial tcp 20.205.243.166:443: i/o timeout
2023-01-14 14:53:17 [ERR] [user.go:259] [Blog/controllers.exchangeTokenByCode] do request error: Post "https://github.com/login/oauth/access_token?client_id=ed95d45cac5de6c2bdc3&client_secret=b726d6228f884fa64fcb83959c2b4e1a6cf0a0a9&code=59c1aaa3f82c994b1e60": unexpected EOF
2023-01-14 14:53:17 [ERR] [user.go:165] [Blog/controllers.Oauth2Callback] exchangeTokenByCode error: Post "https://github.com/login/oauth/access_token?client_id=ed95d45cac5de6c2bdc3&client_secret=b726d6228f884fa64fcb83959c2b4e1a6cf0a0a9&code=59c1aaa3f82c994b1e60": unexpected EOF
2023-01-14 14:53:17 [ERR] [user.go:259] [Blog/controllers.exchangeTokenByCode] do request error: Post "https://github.com/login/oauth/access_token?client_id=ed95d45cac5de6c2bdc3&client_secret=b726d6228f884fa64fcb83959c2b4e1a6cf0a0a9&code=59c1aaa3f82c994b1e60": unexpected EOF
2023-01-14 14:53:17 [ERR] [user.go:165] [Blog/controllers.Oauth2Callback] exchangeTokenByCode error: Post "https://github.com/login/oauth/access_token?client_id=ed95d45cac5de6c2bdc3&client_secret=b726d6228f884fa64fcb83959c2b4e1a6cf0a0a9&code=59c1aaa3f82c994b1e60": unexpected EOF
2023-01-14 14:53:17 [ERR] [user.go:259] [Blog/controllers.exchangeTokenByCode] do request error: Post "https://github.com/login/oauth/access_token?client_id=ed95d45cac5de6c2bdc3&client_secret=b726d6228f884fa64fcb83959c2b4e1a6cf0a0a9&code=59c1aaa3f82c994b1e60": unexpected EOF
2023-01-14 14:53:17 [ERR] [user.go:165] [Blog/controllers.Oauth2Callback] exchangeTokenByCode error: Post "https://github.com/login/oauth/access_token?client_id=ed95d45cac5de6c2bdc3&client_secret=b726d6228f884fa64fcb83959c2b4e1a6cf0a0a9&code=59c1aaa3f82c994b1e60": unexpected EOF
2023-01-14 14:53:17 [ERR] [user.go:259] [Blog/controllers.exchangeTokenByCode] do request error: Post "https://github.com/login/oauth/access_token?client_id=ed95d45cac5de6c2bdc3&client_secret=b726d6228f884fa64fcb83959c2b4e1a6cf0a0a9&code=6936a361c363069ed5b3": unexpected EOF
2023-01-14 14:53:17 [ERR] [user.go:165] [Blog/controllers.Oauth2Callback] exchangeTokenByCode error: Post "https://github.com/login/oauth/access_token?client_id=ed95d45cac5de6c2bdc3&client_secret=b726d6228f884fa64fcb83959c2b4e1a6cf0a0a9&code=6936a361c363069ed5b3": unexpected EOF
2023-01-14 14:53:17 [ERR] [user.go:259] [Blog/controllers.exchangeTokenByCode] do request error: Post "https://github.com/login/oauth/access_token?client_id=ed95d45cac5de6c2bdc3&client_secret=b726d6228f884fa64fcb83959c2b4e1a6cf0a0a9&code=59c1aaa3f82c994b1e60": unexpected EOF
2023-01-14 14:53:17 [ERR] [user.go:165] [Blog/controllers.Oauth2Callback] exchangeTokenByCode error: Post "https://github.com/login/oauth/access_token?client_id=ed95d45cac5de6c2bdc3&client_secret=b726d6228f884fa64fcb83959c2b4e1a6cf0a0a9&code=59c1aaa3f82c994b1e60": unexpected EOF
2023-01-14 14:53:17 [ERR] [user.go:259] [Blog/controllers.exchangeTokenByCode] do request error: Post "https://github.com/login/oauth/access_token?client_id=ed95d45cac5de6c2bdc3&client_secret=b726d6228f884fa64fcb83959c2b4e1a6cf0a0a9&code=59c1aaa3f82c994b1e60": unexpected EOF
2023-01-14 14:53:17 [ERR] [user.go:165] [Blog/controllers.Oauth2Callback] exchangeTokenByCode error: Post "https://github.com/login/oauth/access_token?client_id=ed95d45cac5de6c2bdc3&client_secret=b726d6228f884fa64fcb83959c2b4e1a6cf0a0a9&code=59c1aaa3f82c994b1e60": unexpected EOF
2023-01-14 14:53:17 [ERR] [user.go:259] [Blog/controllers.exchangeTokenByCode] do request error: Post "https://github.com/login/oauth/access_token?client_id=ed95d45cac5de6c2bdc3&client_secret=b726d6228f884fa64fcb83959c2b4e1a6cf0a0a9&code=59c1aaa3f82c994b1e60": unexpected EOF
2023-01-14 14:53:17 [ERR] [user.go:165] [Blog/controllers.Oauth2Callback] exchangeTokenByCode error: Post "https://github.com/login/oauth/access_token?client_id=ed95d45cac5de6c2bdc3&client_secret=b726d6228f884fa64fcb83959c2b4e1a6cf0a0a9&code=59c1aaa3f82c994b1e60": unexpected EOF
2023-01-14 14:54:15 [ERR] [user.go:259] [Blog/controllers.exchangeTokenByCode] do request error: Post "https://github.com/login/oauth/access_token?client_id=ed95d45cac5de6c2bdc3&client_secret=b726d6228f884fa64fcb83959c2b4e1a6cf0a0a9&code=68bf0efbd8968dad8965": dial tcp 20.205.243.166:443: i/o timeout
2023-01-14 14:54:15 [ERR] [user.go:165] [Blog/controllers.Oauth2Callback] exchangeTokenByCode error: Post "https://github.com/login/oauth/access_token?client_id=ed95d45cac5de6c2bdc3&client_secret=b726d6228f884fa64fcb83959c2b4e1a6cf0a0a9&code=68bf0efbd8968dad8965": dial tcp 20.205.243.166:443: i/o timeout
2023-01-15 11:06:40 [ERR] [user.go:259] [Blog/controllers.exchangeTokenByCode] do request error: Post "https://github.com/login/oauth/access_token?client_id=ed95d45cac5de6c2bdc3&client_secret=b726d6228f884fa64fcb83959c2b4e1a6cf0a0a9&code=90aaf7c7d87d8865cd19": unexpected EOF
2023-01-15 11:06:40 [ERR] [user.go:165] [Blog/controllers.Oauth2Callback] exchangeTokenByCode error: Post "https://github.com/login/oauth/access_token?client_id=ed95d45cac5de6c2bdc3&client_secret=b726d6228f884fa64fcb83959c2b4e1a6cf0a0a9&code=90aaf7c7d87d8865cd19": unexpected EOF
2023-01-15 11:06:40 [ERR] [user.go:259] [Blog/controllers.exchangeTokenByCode] do request error: Post "https://github.com/login/oauth/access_token?client_id=ed95d45cac5de6c2bdc3&client_secret=b726d6228f884fa64fcb83959c2b4e1a6cf0a0a9&code=82009f1e7323c267c802": unexpected EOF
2023-01-15 11:06:40 [ERR] [user.go:165] [Blog/controllers.Oauth2Callback] exchangeTokenByCode error: Post "https://github.com/login/oauth/access_token?client_id=ed95d45cac5de6c2bdc3&client_secret=b726d6228f884fa64fcb83959c2b4e1a6cf0a0a9&code=82009f1e7323c267c802": unexpected EOF
2023-01-15 11:06:40 [ERR] [user.go:259] [Blog/controllers.exchangeTokenByCode] do request error: Post "https://github.com/login/oauth/access_token?client_id=ed95d45cac5de6c2bdc3&client_secret=b726d6228f884fa64fcb83959c2b4e1a6cf0a0a9&code=b20e0574227234502552": unexpected EOF
2023-01-15 11:06:40 [ERR] [user.go:165] [Blog/controllers.Oauth2Callback] exchangeTokenByCode error: Post "https://github.com/login/oauth/access_token?client_id=ed95d45cac5de6c2bdc3&client_secret=b726d6228f884fa64fcb83959c2b4e1a6cf0a0a9&code=b20e0574227234502552": unexpected EOF
2023-01-15 11:06:40 [ERR] [user.go:259] [Blog/controllers.exchangeTokenByCode] do request error: Post "https://github.com/login/oauth/access_token?client_id=ed95d45cac5de6c2bdc3&client_secret=b726d6228f884fa64fcb83959c2b4e1a6cf0a0a9&code=f9fe584d947a0ceb60f6": unexpected EOF
2023-01-15 11:06:40 [ERR] [user.go:165] [Blog/controllers.Oauth2Callback] exchangeTokenByCode error: Post "https://github.com/login/oauth/access_token?client_id=ed95d45cac5de6c2bdc3&client_secret=b726d6228f884fa64fcb83959c2b4e1a6cf0a0a9&code=f9fe584d947a0ceb60f6": unexpected EOF
2023-01-15 11:06:40 [ERR] [user.go:259] [Blog/controllers.exchangeTokenByCode] do request error: Post "https://github.com/login/oauth/access_token?client_id=ed95d45cac5de6c2bdc3&client_secret=b726d6228f884fa64fcb83959c2b4e1a6cf0a0a9&code=46d98a568c2bfbf2aa64": unexpected EOF
2023-01-15 11:06:40 [ERR] [user.go:165] [Blog/controllers.Oauth2Callback] exchangeTokenByCode error: Post "https://github.com/login/oauth/access_token?client_id=ed95d45cac5de6c2bdc3&client_secret=b726d6228f884fa64fcb83959c2b4e1a6cf0a0a9&code=46d98a568c2bfbf2aa64": unexpected EOF
2023-01-15 11:06:40 [ERR] [user.go:259] [Blog/controllers.exchangeTokenByCode] do request error: Post "https://github.com/login/oauth/access_token?client_id=ed95d45cac5de6c2bdc3&client_secret=b726d6228f884fa64fcb83959c2b4e1a6cf0a0a9&code=90aaf7c7d87d8865cd19": unexpected EOF
2023-01-15 11:06:40 [ERR] [user.go:165] [Blog/controllers.Oauth2Callback] exchangeTokenByCode error: Post "https://github.com/login/oauth/access_token?client_id=ed95d45cac5de6c2bdc3&client_secret=b726d6228f884fa64fcb83959c2b4e1a6cf0a0a9&code=90aaf7c7d87d8865cd19": unexpected EOF
